<?xml version="1.0" encoding="UTF-8"?>
<!-- Generated by org.testng.reporters.JUnitXMLReporter -->
<testsuite ignored="0" hostname="LAPTOP-UDFR4QKG" failures="1" tests="1" name="Test2" time="13.347" errors="0" timestamp="2026-07-09T22:40:42 IST">
  <testcase classname="testCases.TC01_Account_Register" name="registration_page" time="8.386">
    <failure type="java.lang.AssertionError" message="null">
      <![CDATA[java.lang.AssertionError: null
at testCases.TC01_Account_Register.registration_page(TC01_Account_Register.java:44)
at java.base/java.util.ArrayList.forEach(ArrayList.java:1604)
at java.base/java.util.concurrent.FutureTask.run(FutureTask.java:328)
at java.base/java.util.concurrent.ThreadPoolExecutor.runWorker(ThreadPoolExecutor.java:1090)
at java.base/java.util.concurrent.ThreadPoolExecutor$Worker.run(ThreadPoolExecutor.java:614)
at java.base/java.lang.Thread.run(Thread.java:1474)
... Removed 17 stack frames]]>
    </failure>
  </testcase> <!-- registration_page -->
</testsuite> <!-- Test2 -->
