<?xml version="1.0" encoding="UTF-8"?>
<!-- Generated by org.testng.reporters.JUnitXMLReporter -->
<testsuite ignored="0" hostname="LAPTOP-UDFR4QKG" failures="1" tests="1" name="Test3" time="10.894" errors="0" timestamp="2026-07-09T22:18:29 IST">
  <testcase classname="testCases.TC01_Account_Register" name="registration_page" time="6.872">
    <failure type="java.lang.AssertionError" message="null">
      <![CDATA[java.lang.AssertionError: null
at testCases.TC01_Account_Register.registration_page(TC01_Account_Register.java:44)
at java.base/java.util.ArrayList.forEach(ArrayList.java:1604)
... Removed 27 stack frames]]>
    </failure>
  </testcase> <!-- registration_page -->
</testsuite> <!-- Test3 -->
