<?xml version="1.0" encoding="UTF-8"?>
<testng-results ignored="0" total="1" passed="1" failed="0" skipped="0">
  <reporter-output>
  </reporter-output>
  <suite started-at="2026-07-23T22:08:45 IST" name="Suite" finished-at="2026-07-23T22:08:52 IST" duration-ms="7133">
    <groups>
      <group name="Master">
        <method signature="TC02_Login.Login()[pri:0, instance:testCases.TC02_Login@16b2bb0c]" name="Login" class="testCases.TC02_Login"/>
      </group> <!-- Master -->
      <group name="Regression">
        <method signature="TC02_Login.Login()[pri:0, instance:testCases.TC02_Login@16b2bb0c]" name="Login" class="testCases.TC02_Login"/>
      </group> <!-- Regression -->
    </groups>
    <test started-at="2026-07-23T22:08:45 IST" name="Test1" finished-at="2026-07-23T22:08:52 IST" duration-ms="7133">
      <class name="testCases.TC02_Login">
        <test-method is-config="true" signature="setup(java.lang.String)[pri:0, instance:testCases.TC02_Login@16b2bb0c]" started-at="2026-07-23T22:08:45 IST" name="setup" finished-at="2026-07-23T22:08:48 IST" duration-ms="2861" status="PASS">
          <params>
            <param index="0">
              <value>
                <![CDATA[chrome]]>
              </value>
            </param>
          </params>
          <reporter-output>
          </reporter-output>
        </test-method> <!-- setup -->
        <test-method signature="Login()[pri:0, instance:testCases.TC02_Login@16b2bb0c]" started-at="2026-07-23T22:08:48 IST" name="Login" finished-at="2026-07-23T22:08:52 IST" duration-ms="3726" status="PASS">
          <reporter-output>
          </reporter-output>
        </test-method> <!-- Login -->
        <test-method is-config="true" signature="teardown()[pri:0, instance:testCases.TC02_Login@16b2bb0c]" started-at="2026-07-23T22:08:52 IST" name="teardown" finished-at="2026-07-23T22:08:52 IST" duration-ms="288" status="PASS">
          <reporter-output>
          </reporter-output>
        </test-method> <!-- teardown -->
      </class> <!-- testCases.TC02_Login -->
    </test> <!-- Test1 -->
  </suite> <!-- Suite -->
</testng-results>
